<?xml version="1.0" encoding="UTF-8"?>
<!-- Generated by org.testng.reporters.JUnitReportReporter -->
<testsuite hostname="Geethas-Air.attlocal.net" failures="0" tests="1" name="TestClassPackage.SignInPageTest" time="8.206" errors="0" timestamp="2023-09-06T10:42:02 CDT" skipped="0">
  <testcase classname="TestClassPackage.SignInPageTest" name="TestVerifySignIn1" time="8.206"/>
  <system-out/>
</testsuite> <!-- TestClassPackage.SignInPageTest -->
