<?xml version="1.0" encoding="UTF-8"?>
<!-- Generated by org.testng.reporters.JUnitReportReporter -->
<testsuite hostname="Geethas-Air.attlocal.net" failures="0" tests="2" name="TestClassPackage.LandingPageTest" time="26.548" errors="0" timestamp="2023-09-06T10:42:02 CDT" skipped="0">
  <testcase classname="TestClassPackage.LandingPageTest" name="TestVerifySignOut" time="12.877"/>
  <system-out/>
  <testcase classname="TestClassPackage.LandingPageTest" name="TestVerifySignInAfterSignOut" time="13.671"/>
  <system-out/>
</testsuite> <!-- TestClassPackage.LandingPageTest -->
