<?xml version="1.0" encoding="UTF-8"?>
<!-- Generated by org.testng.reporters.JUnitReportReporter -->
<testsuite hostname="Geethas-Air.attlocal.net" failures="0" tests="7" name="TestClassPackage.HomePageTest" time="55.676" errors="0" timestamp="2023-09-06T10:42:02 CDT" skipped="0">
  <testcase classname="TestClassPackage.HomePageTest" name="TestHomePageTitle" time="5.987"/>
  <system-out/>
  <testcase classname="TestClassPackage.HomePageTest" name="TestHomePageRegistry" time="9.074"/>
  <system-out/>
  <testcase classname="TestClassPackage.HomePageTest" name="TestHomePageWeeklyAd" time="6.444"/>
  <system-out/>
  <testcase classname="TestClassPackage.HomePageTest" name="TestHomePageRedCard" time="6.521"/>
  <system-out/>
  <testcase classname="TestClassPackage.HomePageTest" name="TestHomePageTargetCircle" time="5.352"/>
  <system-out/>
  <testcase classname="TestClassPackage.HomePageTest" name="TestHomePageFindStores" time="10.128"/>
  <system-out/>
  <testcase classname="TestClassPackage.HomePageTest" name="TestHomePageSignIn" time="12.170"/>
  <system-out/>
</testsuite> <!-- TestClassPackage.HomePageTest -->
